

Error with script at Wed 04 Dec 2019 08:29:05 PM MST
No status retrieved from StatusIO

Error with script at Wed 04 Dec 2019 08:29:09 PM MST
No status retrieved from StatusIO

Error with script at Wed 04 Dec 2019 08:31:09 PM MST
No status retrieved from StatusIO

Error with script at Wed 04 Dec 2019 08:32:13 PM MST
No status retrieved from StatusIO

Error with script at Wed 04 Dec 2019 08:33:09 PM MST
No status retrieved from StatusIO

Error with script at Wed 04 Dec 2019 08:33:17 PM MST
No status retrieved from StatusIO

Error with script at Wed 04 Dec 2019 08:34:12 PM MST
No status retrieved from StatusIO

Error with script at Wed 04 Dec 2019 08:36:05 PM MST
No status retrieved from StatusIO

Error with script at Wed 04 Dec 2019 08:36:17 PM MST
No status retrieved from StatusIO

Error with script at Wed 04 Dec 2019 08:38:13 PM MST
No status retrieved from StatusIO

Error with script at Wed 04 Dec 2019 08:38:13 PM MST
No status retrieved from StatusIO

Error with script at Wed 04 Dec 2019 08:39:12 PM MST
No status retrieved from StatusIO

Error with script at Wed 04 Dec 2019 08:42:09 PM MST
No status retrieved from StatusIO

Error with script at Wed 04 Dec 2019 08:43:12 PM MST
No status retrieved from StatusIO

Error with script at Wed 04 Dec 2019 08:44:16 PM MST
No status retrieved from StatusIO

Error with script at Wed 04 Dec 2019 08:45:09 PM MST
No status retrieved from StatusIO

Error with script at Wed 04 Dec 2019 08:46:10 PM MST
No status retrieved from StatusIO

Error with script at Wed 04 Dec 2019 11:17:21 PM MST
No status retrieved from StatusIO

Error with script at Wed 04 Dec 2019 11:17:21 PM MST
No status retrieved from StatusIO

Error with script at Tue 10 Dec 2019 12:47:01 PM MST
No status retrieved from StatusIO

Error with script at Thu 12 Dec 2019 02:04:01 AM MST
No status retrieved from StatusIO

Error with script at Sun 15 Dec 2019 03:22:16 AM MST
No status retrieved from StatusIO

Error with script at Sun 15 Dec 2019 03:22:16 AM MST
No status retrieved from StatusIO

Error with script at Sun 15 Dec 2019 03:23:01 AM MST
No status retrieved from StatusIO

Error with script at Sun 15 Dec 2019 03:24:12 AM MST
No status retrieved from StatusIO

Error with script at Sun 15 Dec 2019 03:24:12 AM MST
No status retrieved from StatusIO
